# JRE version: OpenJDK Runtime Environment (8.0_152-b02) (build 1.8.0_152-release-1024-b02)
# Java VM: OpenJDK 64-Bit Server VM (25.152-b02 mixed mode windows-amd64 compressed oops)
Heap:
 PSYoungGen      total 420864K, used 338667K [0x00000000e0000000, 0x0000000100000000, 0x0000000100000000)
  eden space 337920K, 76% used [0x00000000e0000000,0x00000000efd04698,0x00000000f4a00000)
  from space 82944K, 95% used [0x00000000faf00000,0x00000000ffcb6808,0x0000000100000000)
  to   space 93184K, 0% used [0x00000000f4a00000,0x00000000f4a00000,0x00000000fa500000)
 ParOldGen       total 321024K, used 132371K [0x00000000a0000000, 0x00000000b3980000, 0x00000000e0000000)
  object space 321024K, 41% used [0x00000000a0000000,0x00000000a8144c60,0x00000000b3980000)
 Metaspace       used 193926K, capacity 204870K, committed 204928K, reserved 1226752K
  class space    used 24417K, capacity 26708K, committed 26764K, reserved 1048576K
GC Heap History (10 events):
Event: 5962.453 GC heap before
{Heap before GC invocations=51 (full 5):
 PSYoungGen      total 420352K, used 376019K [0x00000000e0000000, 0x00000000fff00000, 0x0000000100000000)
  eden space 327168K, 100% used [0x00000000e0000000,0x00000000f3f80000,0x00000000f3f80000)
  from space 93184K, 52% used [0x00000000f3f80000,0x00000000f6f34e30,0x00000000f9a80000)
  to   space 91136K, 0% used [0x00000000fa600000,0x00000000fa600000,0x00000000fff00000)
 ParOldGen       total 321024K, used 116856K [0x00000000a0000000, 0x00000000b3980000, 0x00000000e0000000)
  object space 321024K, 36% used [0x00000000a0000000,0x00000000a721e258,0x00000000b3980000)
 Metaspace       used 179228K, capacity 189516K, committed 189824K, reserved 1214464K
  class space    used 22731K, capacity 24889K, committed 24972K, reserved 1048576K
Event: 5962.502 GC heap after
Heap after GC invocations=51 (full 5):
 PSYoungGen      total 424960K, used 27741K [0x00000000e0000000, 0x00000000ff900000, 0x0000000100000000)
  eden space 339968K, 0% used [0x00000000e0000000,0x00000000e0000000,0x00000000f4c00000)
  from space 84992K, 32% used [0x00000000fa600000,0x00000000fc1174f8,0x00000000ff900000)
  to   space 88576K, 0% used [0x00000000f4c00000,0x00000000f4c00000,0x00000000fa280000)
 ParOldGen       total 321024K, used 116864K [0x00000000a0000000, 0x00000000b3980000, 0x00000000e0000000)
  object space 321024K, 36% used [0x00000000a0000000,0x00000000a7220258,0x00000000b3980000)
 Metaspace       used 179228K, capacity 189516K, committed 189824K, reserved 1214464K
  class space    used 22731K, capacity 24889K, committed 24972K, reserved 1048576K
}
Event: 5965.385 GC heap before
{Heap before GC invocations=52 (full 5):
 PSYoungGen      total 424960K, used 367709K [0x00000000e0000000, 0x00000000ff900000, 0x0000000100000000)
  eden space 339968K, 100% used [0x00000000e0000000,0x00000000f4c00000,0x00000000f4c00000)
  from space 84992K, 32% used [0x00000000fa600000,0x00000000fc1174f8,0x00000000ff900000)
  to   space 88576K, 0% used [0x00000000f4c00000,0x00000000f4c00000,0x00000000fa280000)
 ParOldGen       total 321024K, used 116864K [0x00000000a0000000, 0x00000000b3980000, 0x00000000e0000000)
  object space 321024K, 36% used [0x00000000a0000000,0x00000000a7220258,0x00000000b3980000)
 Metaspace       used 179239K, capacity 189580K, committed 189824K, reserved 1214464K
  class space    used 22731K, capacity 24889K, committed 24972K, reserved 1048576K
Event: 5965.436 GC heap after
Heap after GC invocations=52 (full 5):
 PSYoungGen      total 428544K, used 26761K [0x00000000e0000000, 0x00000000ffd80000, 0x0000000100000000)
  eden space 339968K, 0% used [0x00000000e0000000,0x00000000e0000000,0x00000000f4c00000)
  from space 88576K, 30% used [0x00000000f4c00000,0x00000000f66224e8,0x00000000fa280000)
  to   space 85504K, 0% used [0x00000000faa00000,0x00000000faa00000,0x00000000ffd80000)
 ParOldGen       total 321024K, used 116872K [0x00000000a0000000, 0x00000000b3980000, 0x00000000e0000000)
  object space 321024K, 36% used [0x00000000a0000000,0x00000000a7222258,0x00000000b3980000)
 Metaspace       used 179239K, capacity 189580K, committed 189824K, reserved 1214464K
  class space    used 22731K, capacity 24889K, committed 24972K, reserved 1048576K
}
Event: 5975.814 GC heap before
{Heap before GC invocations=53 (full 5):
 PSYoungGen      total 428544K, used 366729K [0x00000000e0000000, 0x00000000ffd80000, 0x0000000100000000)
  eden space 339968K, 100% used [0x00000000e0000000,0x00000000f4c00000,0x00000000f4c00000)
  from space 88576K, 30% used [0x00000000f4c00000,0x00000000f66224e8,0x00000000fa280000)
  to   space 85504K, 0% used [0x00000000faa00000,0x00000000faa00000,0x00000000ffd80000)
 ParOldGen       total 321024K, used 116872K [0x00000000a0000000, 0x00000000b3980000, 0x00000000e0000000)
  object space 321024K, 36% used [0x00000000a0000000,0x00000000a7222258,0x00000000b3980000)
 Metaspace       used 184918K, capacity 195122K, committed 195328K, reserved 1218560K
  class space    used 23332K, capacity 25498K, committed 25612K, reserved 1048576K
Event: 5975.879 GC heap after
Heap after GC invocations=53 (full 5):
 PSYoungGen      total 428032K, used 40448K [0x00000000e0000000, 0x00000000ff600000, 0x0000000100000000)
  eden space 350208K, 0% used [0x00000000e0000000,0x00000000e0000000,0x00000000f5600000)
  from space 77824K, 51% used [0x00000000faa00000,0x00000000fd1802e0,0x00000000ff600000)
  to   space 81920K, 0% used [0x00000000f5600000,0x00000000f5600000,0x00000000fa600000)
 ParOldGen       total 321024K, used 116888K [0x00000000a0000000, 0x00000000b3980000, 0x00000000e0000000)
  object space 321024K, 36% used [0x00000000a0000000,0x00000000a7226258,0x00000000b3980000)
 Metaspace       used 184918K, capacity 195122K, committed 195328K, reserved 1218560K
  class space    used 23332K, capacity 25498K, committed 25612K, reserved 1048576K
}
Event: 5982.191 GC heap before
{Heap before GC invocations=54 (full 5):
 PSYoungGen      total 428032K, used 390656K [0x00000000e0000000, 0x00000000ff600000, 0x0000000100000000)
  eden space 350208K, 100% used [0x00000000e0000000,0x00000000f5600000,0x00000000f5600000)
  from space 77824K, 51% used [0x00000000faa00000,0x00000000fd1802e0,0x00000000ff600000)
  to   space 81920K, 0% used [0x00000000f5600000,0x00000000f5600000,0x00000000fa600000)
 ParOldGen       total 321024K, used 116892K [0x00000000a0000000, 0x00000000b3980000, 0x00000000e0000000)
  object space 321024K, 36% used [0x00000000a0000000,0x00000000a7227268,0x00000000b3980000)
 Metaspace       used 184929K, capacity 195186K, committed 195328K, reserved 1218560K
  class space    used 23332K, capacity 25498K, committed 25612K, reserved 1048576K
Event: 5982.418 GC heap after
Heap after GC invocations=54 (full 5):
 PSYoungGen      total 432128K, used 53325K [0x00000000e0000000, 0x0000000100000000, 0x0000000100000000)
  eden space 350208K, 0% used [0x00000000e0000000,0x00000000e0000000,0x00000000f5600000)
  from space 81920K, 65% used [0x00000000f5600000,0x00000000f8a13700,0x00000000fa600000)
  to   space 82944K, 0% used [0x00000000faf00000,0x00000000faf00000,0x0000000100000000)
 ParOldGen       total 321024K, used 126586K [0x00000000a0000000, 0x00000000b3980000, 0x00000000e0000000)
  object space 321024K, 39% used [0x00000000a0000000,0x00000000a7b9e8f0,0x00000000b3980000)
 Metaspace       used 184929K, capacity 195186K, committed 195328K, reserved 1218560K
  class space    used 23332K, capacity 25498K, committed 25612K, reserved 1048576K
}
Event: 5989.392 GC heap before
{Heap before GC invocations=55 (full 5):
 PSYoungGen      total 432128K, used 403533K [0x00000000e0000000, 0x0000000100000000, 0x0000000100000000)
  eden space 350208K, 100% used [0x00000000e0000000,0x00000000f5600000,0x00000000f5600000)
  from space 81920K, 65% used [0x00000000f5600000,0x00000000f8a13700,0x00000000fa600000)
  to   space 82944K, 0% used [0x00000000faf00000,0x00000000faf00000,0x0000000100000000)
 ParOldGen       total 321024K, used 126587K [0x00000000a0000000, 0x00000000b3980000, 0x00000000e0000000)
  object space 321024K, 39% used [0x00000000a0000000,0x00000000a7b9ee50,0x00000000b3980000)
 Metaspace       used 192466K, capacity 203318K, committed 203520K, reserved 1226752K
  class space    used 24283K, capacity 26556K, committed 26636K, reserved 1048576K
Event: 5989.522 GC heap after
Heap after GC invocations=55 (full 5):
 PSYoungGen      total 420864K, used 79578K [0x00000000e0000000, 0x0000000100000000, 0x0000000100000000)
  eden space 337920K, 0% used [0x00000000e0000000,0x00000000e0000000,0x00000000f4a00000)
  from space 82944K, 95% used [0x00000000faf00000,0x00000000ffcb6808,0x0000000100000000)
  to   space 93184K, 0% used [0x00000000f4a00000,0x00000000f4a00000,0x00000000fa500000)
 ParOldGen       total 321024K, used 132371K [0x00000000a0000000, 0x00000000b3980000, 0x00000000e0000000)
  object space 321024K, 41% used [0x00000000a0000000,0x00000000a8144c60,0x00000000b3980000)
 Metaspace       used 192466K, capacity 203318K, committed 203520K, reserved 1226752K
  class space    used 24283K, capacity 26556K, committed 26636K, reserved 1048576K
}

